This is pdfTeX, Version 3.1415926-2.3-1.40.12 (MiKTeX 2.9) (preloaded format=pdflatex 2012.9.12)  2 OCT 2012 21:06
entering extended mode
**Report1.tex

("C:\Users\Kevin\Google Drive\Syst√®mes de Communication - BA5\Intr to Computer
 graphics\projects\Ex1\Report1.tex"
LaTeX2e <2011/06/27>
Babel <v3.8m> and hyphenation patterns for english, afrikaans, ancientgreek, ar
abic, armenian, assamese, basque, bengali, bokmal, bulgarian, catalan, coptic, 
croatian, czech, danish, dutch, esperanto, estonian, farsi, finnish, french, ga
lician, german, german-x-2009-06-19, greek, gujarati, hindi, hungarian, iceland
ic, indonesian, interlingua, irish, italian, kannada, kurmanji, lao, latin, lat
vian, lithuanian, malayalam, marathi, mongolian, mongolianlmc, monogreek, ngerm
an, ngerman-x-2009-06-19, nynorsk, oriya, panjabi, pinyin, polish, portuguese, 
romanian, russian, sanskrit, serbian, slovak, slovenian, spanish, swedish, swis
sgerman, tamil, telugu, turkish, turkmen, ukenglish, ukrainian, uppersorbian, u
senglishmax, welsh, loaded.
("C:\Program Files (x86)\MikTexNET\tex\latex\base\report.cls"
Document Class: report 2007/10/19 v1.4h Standard LaTeX document class
("C:\Program Files (x86)\MikTexNET\tex\latex\base\size10.clo"
File: size10.clo 2007/10/19 v1.4h Standard LaTeX file (size option)
)
\c@part=\count79
\c@chapter=\count80
\c@section=\count81
\c@subsection=\count82
\c@subsubsection=\count83
\c@paragraph=\count84
\c@subparagraph=\count85
\c@figure=\count86
\c@table=\count87
\abovecaptionskip=\skip41
\belowcaptionskip=\skip42
\bibindent=\dimen102
)
("C:\Program Files (x86)\MikTexNET\tex\latex\base\inputenc.sty"
Package: inputenc 2008/03/30 v1.1d Input encoding file
\inpenc@prehook=\toks14
\inpenc@posthook=\toks15

("C:\Program Files (x86)\MikTexNET\tex\latex\base\latin1.def"
File: latin1.def 2008/03/30 v1.1d Input encoding file
))
("C:\Program Files (x86)\MikTexNET\tex\latex\ams\math\amsmath.sty"
Package: amsmath 2000/07/18 v2.13 AMS math features
\@mathmargin=\skip43

For additional information on amsmath, use the `?' option.
("C:\Program Files (x86)\MikTexNET\tex\latex\ams\math\amstext.sty"
Package: amstext 2000/06/29 v2.01

("C:\Program Files (x86)\MikTexNET\tex\latex\ams\math\amsgen.sty"
File: amsgen.sty 1999/11/30 v2.0
\@emptytoks=\toks16
\ex@=\dimen103
))
("C:\Program Files (x86)\MikTexNET\tex\latex\ams\math\amsbsy.sty"
Package: amsbsy 1999/11/29 v1.2d
\pmbraise@=\dimen104
)
("C:\Program Files (x86)\MikTexNET\tex\latex\ams\math\amsopn.sty"
Package: amsopn 1999/12/14 v2.01 operator names
)
\inf@bad=\count88
LaTeX Info: Redefining \frac on input line 211.
\uproot@=\count89
\leftroot@=\count90
LaTeX Info: Redefining \overline on input line 307.
\classnum@=\count91
\DOTSCASE@=\count92
LaTeX Info: Redefining \ldots on input line 379.
LaTeX Info: Redefining \dots on input line 382.
LaTeX Info: Redefining \cdots on input line 467.
\Mathstrutbox@=\box26
\strutbox@=\box27
\big@size=\dimen105
LaTeX Font Info:    Redeclaring font encoding OML on input line 567.
LaTeX Font Info:    Redeclaring font encoding OMS on input line 568.
\macc@depth=\count93
\c@MaxMatrixCols=\count94
\dotsspace@=\muskip10
\c@parentequation=\count95
\dspbrk@lvl=\count96
\tag@help=\toks17
\row@=\count97
\column@=\count98
\maxfields@=\count99
\andhelp@=\toks18
\eqnshift@=\dimen106
\alignsep@=\dimen107
\tagshift@=\dimen108
\tagwidth@=\dimen109
\totwidth@=\dimen110
\lineht@=\dimen111
\@envbody=\toks19
\multlinegap=\skip44
\multlinetaggap=\skip45
\mathdisplay@stack=\toks20
LaTeX Info: Redefining \[ on input line 2666.
LaTeX Info: Redefining \] on input line 2667.
)
("C:\Program Files (x86)\MikTexNET\tex\latex\amsfonts\amsfonts.sty"
Package: amsfonts 2009/06/22 v3.00 Basic AMSFonts support
\symAMSa=\mathgroup4
\symAMSb=\mathgroup5
LaTeX Font Info:    Overwriting math alphabet `\mathfrak' in version `bold'
(Font)                  U/euf/m/n --> U/euf/b/n on input line 96.
)
("C:\Program Files (x86)\MikTexNET\tex\latex\graphics\color.sty"
Package: color 2005/11/14 v1.0j Standard LaTeX Color (DPC)

("C:\Program Files (x86)\MikTexNET\tex\latex\00miktex\color.cfg"
File: color.cfg 2007/01/18 v1.5 color configuration of teTeX/TeXLive
)
Package color Info: Driver file: pdftex.def on input line 130.

("C:\Program Files (x86)\MikTexNET\tex\latex\pdftex-def\pdftex.def"
File: pdftex.def 2011/05/27 v0.06d Graphics/color for pdfTeX

("C:\Program Files (x86)\MikTexNET\tex\generic\oberdiek\infwarerr.sty"
Package: infwarerr 2010/04/08 v1.3 Providing info/warning/error messages (HO)
)
("C:\Program Files (x86)\MikTexNET\tex\generic\oberdiek\ltxcmds.sty"
Package: ltxcmds 2011/11/09 v1.22 LaTeX kernel commands for general use (HO)
)
\Gread@gobject=\count100
))
("C:\Program Files (x86)\MikTexNET\tex\latex\amsfonts\amssymb.sty"
Package: amssymb 2009/06/22 v3.00
)
("C:\Program Files (x86)\MikTexNET\tex\latex\graphics\graphicx.sty"
Package: graphicx 1999/02/16 v1.0f Enhanced LaTeX Graphics (DPC,SPQR)

("C:\Program Files (x86)\MikTexNET\tex\latex\graphics\keyval.sty"
Package: keyval 1999/03/16 v1.13 key=value parser (DPC)
\KV@toks@=\toks21
)
("C:\Program Files (x86)\MikTexNET\tex\latex\graphics\graphics.sty"
Package: graphics 2009/02/05 v1.0o Standard LaTeX Graphics (DPC,SPQR)

("C:\Program Files (x86)\MikTexNET\tex\latex\graphics\trig.sty"
Package: trig 1999/03/16 v1.09 sin cos tan (DPC)
)
("C:\Program Files (x86)\MikTexNET\tex\latex\00miktex\graphics.cfg"
File: graphics.cfg 2007/01/18 v1.5 graphics configuration of teTeX/TeXLive
)
Package graphics Info: Driver file: pdftex.def on input line 91.
)
\Gin@req@height=\dimen112
\Gin@req@width=\dimen113
)
("C:\Program Files (x86)\MikTexNET\tex\latex\fancyhdr\fancyhdr.sty"
\fancy@headwidth=\skip46
\f@ncyO@elh=\skip47
\f@ncyO@erh=\skip48
\f@ncyO@olh=\skip49
\f@ncyO@orh=\skip50
\f@ncyO@elf=\skip51
\f@ncyO@erf=\skip52
\f@ncyO@olf=\skip53
\f@ncyO@orf=\skip54
)
("C:\Users\Kevin\Google Drive\Syst√®mes de Communication - BA5\Intr to Computer
 graphics\projects\Ex1\Report1.aux")
LaTeX Font Info:    Checking defaults for OML/cmm/m/it on input line 15.
LaTeX Font Info:    ... okay on input line 15.
LaTeX Font Info:    Checking defaults for T1/cmr/m/n on input line 15.
LaTeX Font Info:    ... okay on input line 15.
LaTeX Font Info:    Checking defaults for OT1/cmr/m/n on input line 15.
LaTeX Font Info:    ... okay on input line 15.
LaTeX Font Info:    Checking defaults for OMS/cmsy/m/n on input line 15.
LaTeX Font Info:    ... okay on input line 15.
LaTeX Font Info:    Checking defaults for OMX/cmex/m/n on input line 15.
LaTeX Font Info:    ... okay on input line 15.
LaTeX Font Info:    Checking defaults for U/cmr/m/n on input line 15.
LaTeX Font Info:    ... okay on input line 15.

("C:\Program Files (x86)\MikTexNET\tex\context\base\supp-pdf.mkii"
[Loading MPS to PDF converter (version 2006.09.02).]
\scratchcounter=\count101
\scratchdimen=\dimen114
\scratchbox=\box28
\nofMPsegments=\count102
\nofMParguments=\count103
\everyMPshowfont=\toks22
\MPscratchCnt=\count104
\MPscratchDim=\dimen115
\MPnumerator=\count105
\makeMPintoPDFobject=\count106
\everyMPtoPDFconversion=\toks23
)
LaTeX Font Info:    Try loading font information for U+msa on input line 16.
 ("C:\Program Files (x86)\MikTexNET\tex\latex\amsfonts\umsa.fd"
File: umsa.fd 2009/06/22 v3.00 AMS symbols A
)
LaTeX Font Info:    Try loading font information for U+msb on input line 16.

("C:\Program Files (x86)\MikTexNET\tex\latex\amsfonts\umsb.fd"
File: umsb.fd 2009/06/22 v3.00 AMS symbols B
) [1

{C:/Users/Kevin/AppData/Local/MiKTeX/2.9/pdftex/config/pdftex.map}]
<framework/Image1_2.png, id=7, 338.76563pt x 225.84375pt>
File: framework/Image1_2.png Graphic file (type png)

<use framework/Image1_2.png>
Package pdftex.def Info: framework/Image1_2.png used on input line 24.
(pdftex.def)             Requested size: 345.0pt x 230.0095pt.


Package Fancyhdr Warning: \headheight is too small (12.0pt): 
 Make it at least 22.54448pt.
 We now make it that large for the rest of the document.
 This may cause the page layout to be inconsistent, however.

[1 <C:/Users/Kevin/Google Drive/Syst√®mes de Communication - BA5/Intr to Comput
er graphics/projects/Ex1/framework/Image1_2.png>]
<pixelLength.png, id=16, 297.36093pt x 164.11313pt>
File: pixelLength.png Graphic file (type png)
 <use pixelLength.png>
Package pdftex.def Info: pixelLength.png used on input line 33.
(pdftex.def)             Requested size: 241.49895pt x 133.28148pt.

<framework/Image1_3.png, id=17, 338.76563pt x 225.84375pt>
File: framework/Image1_3.png Graphic file (type png)

<use framework/Image1_3.png>
Package pdftex.def Info: framework/Image1_3.png used on input line 39.
(pdftex.def)             Requested size: 345.0pt x 230.0095pt.
 [2 <C:/Users/Kevin/Google Drive/Syst√®mes de Communication - BA5/Intr to Compu
ter graphics/projects/Ex1/pixelLength.png> <C:/Users/Kevin/Google Drive/Syst√®m
es de Communication - BA5/Intr to Computer graphics/projects/Ex1/framework/Imag
e1_3.png>]
<planeIntersec.png, id=22, 172.39406pt x 106.14656pt>
File: planeIntersec.png Graphic file (type png)
 <use planeIntersec.png>
Package pdftex.def Info: planeIntersec.png used on input line 47.
(pdftex.def)             Requested size: 103.50105pt x 63.7273pt.


Package amsmath Warning: Foreign command \over;
(amsmath)                \frac or \genfrac should be used instead
(amsmath)                 on input line 49.

<Framework/Image1_4_1.png, id=23, 301.125pt x 301.125pt>
File: Framework/Image1_4_1.png Graphic file (type png)

<use Framework/Image1_4_1.png>
Package pdftex.def Info: Framework/Image1_4_1.png used on input line 55.
(pdftex.def)             Requested size: 172.5pt x 172.50684pt.
 [3 <C:/Users/Kevin/Google Drive/Syst√®mes de Communication - BA5/Intr to Compu
ter graphics/projects/Ex1/planeIntersec.png> <C:/Users/Kevin/Google Drive/Syst√
®mes de Communication - BA5/Intr to Computer graphics/projects/Ex1/Framework/Im
age1_4_1.png>]
<triangle.png, id=31, 152.82094pt x 140.77594pt>
File: triangle.png Graphic file (type png)
 <use triangle.png>
Package pdftex.def Info: triangle.png used on input line 66.
(pdftex.def)             Requested size: 103.50105pt x 95.34184pt.
LaTeX Font Info:    Try loading font information for OMS+cmr on input line 74.

("C:\Program Files (x86)\MikTexNET\tex\latex\base\omscmr.fd"
File: omscmr.fd 1999/05/25 v2.5h Standard LaTeX font definitions
)
LaTeX Font Info:    Font shape `OMS/cmr/m/n' in size <10> not available
(Font)              Font shape `OMS/cmsy/m/n' tried instead on input line 74.
 [4 <C:/Users/Kevin/Google Drive/Syst√®mes de Communication - BA5/Intr to Compu
ter graphics/projects/Ex1/triangle.png>]
<Framework/Image1_4_2.png, id=39, 301.125pt x 301.125pt>
File: Framework/Image1_4_2.png Graphic file (type png)

<use Framework/Image1_4_2.png>
Package pdftex.def Info: Framework/Image1_4_2.png used on input line 91.
(pdftex.def)             Requested size: 172.5pt x 172.50684pt.
 [5 <C:/Users/Kevin/Google Drive/Syst√®mes de Communication - BA5/Intr to Compu
ter graphics/projects/Ex1/Framework/Image1_4_2.png>]
("C:\Users\Kevin\Google Drive\Syst√®mes de Communication - BA5\Intr to Computer
 graphics\projects\Ex1\Report1.aux") ) 
Here is how much of TeX's memory you used:
 2306 strings out of 494045
 29534 string characters out of 3147581
 84694 words of memory out of 3000000
 5572 multiletter control sequences out of 15000+200000
 12468 words of font info for 48 fonts, out of 3000000 for 9000
 715 hyphenation exceptions out of 8191
 27i,11n,43p,478b,242s stack positions out of 5000i,500n,10000p,200000b,50000s
<C:/Program Files (x86)/MikTexNET/fonts/t
ype1/public/amsfonts/cm/cmbx10.pfb><C:/Program Files (x86)/MikTexNET/fonts/type
1/public/amsfonts/cm/cmbx12.pfb><C:/Program Files (x86)/MikTexNET/fonts/type1/p
ublic/amsfonts/cm/cmbx5.pfb><C:/Program Files (x86)/MikTexNET/fonts/type1/publi
c/amsfonts/cm/cmbx7.pfb><C:/Program Files (x86)/MikTexNET/fonts/type1/public/am
sfonts/cm/cmmi10.pfb><C:/Program Files (x86)/MikTexNET/fonts/type1/public/amsfo
nts/cm/cmmi7.pfb><C:/Program Files (x86)/MikTexNET/fonts/type1/public/amsfonts/
cm/cmr10.pfb><C:/Program Files (x86)/MikTexNET/fonts/type1/public/amsfonts/cm/c
mr12.pfb><C:/Program Files (x86)/MikTexNET/fonts/type1/public/amsfonts/cm/cmr17
.pfb><C:/Program Files (x86)/MikTexNET/fonts/type1/public/amsfonts/cm/cmr7.pfb>
<C:/Program Files (x86)/MikTexNET/fonts/type1/public/amsfonts/cm/cmsy10.pfb><C:
/Program Files (x86)/MikTexNET/fonts/type1/public/amsfonts/cm/cmti10.pfb>
Output written on Report1.pdf (6 pages, 185191 bytes).
PDF statistics:
 81 PDF objects out of 1000 (max. 8388607)
 0 named destinations out of 1000 (max. 500000)
 36 words of extra memory for PDF output out of 10000 (max. 10000000)

